DEBUG:root:SakuretsuArmor
DEBUG:root:BlueEyesWhiteDragon
DEBUG:root:DarkHole
DEBUG:root:GeminiElf
DEBUG:root:BlueEyesWhiteDragon
DEBUG:root:(0, 0, 0)
DEBUG:root:(1, 0, 0)
DEBUG:root:SakuretsuArmor
DEBUG:root:GeminiElf
DEBUG:root:MysticalSpaceTyphoon
DEBUG:root:GeminiElf
DEBUG:root:RagingFlameSprite
ERROR:root: Erro ao sair do programa
DEBUG:root:SummonedSkull
DEBUG:root:RagingFlameSprite
DEBUG:root:SakuretsuArmor
DEBUG:root:RagingFlameSprite
DEBUG:root:SakuretsuArmor
DEBUG:root:(0, 0, 0)
DEBUG:root:(0, 0, 0)
ERROR:root: Erro ao sair do programa
DEBUG:root:MysticalSpaceTyphoon
DEBUG:root:GeminiElf
DEBUG:root:SakuretsuArmor
DEBUG:root:Reinforcements
DEBUG:root:SakuretsuArmor
DEBUG:root:(0, 0, 0)
DEBUG:root:(0, 0, 0)
DEBUG:root:(1, 0, 0)
DEBUG:root:(1, 0, 0)
DEBUG:root:(0, 0, 0)
DEBUG:root:(1, 0, 0)
DEBUG:root:(1, 0, 0)
DEBUG:root:(1, 0, 0)
DEBUG:root:(0, 0, 0)
ERROR:root: Erro ao sair do programa
DEBUG:root:DarkHole
DEBUG:root:Reinforcements
DEBUG:root:SakuretsuArmor
DEBUG:root:RagingFlameSprite
DEBUG:root:RagingFlameSprite
ERROR:root: Erro ao sair do programa
DEBUG:root:Reinforcements
DEBUG:root:RagingFlameSprite
DEBUG:root:MysticalSpaceTyphoon
DEBUG:root:BlueEyesWhiteDragon
DEBUG:root:GeminiElf
DEBUG:root:BlueEyesWhiteDragon
DEBUG:root:SakuretsuArmor
DEBUG:root:RagingFlameSprite
DEBUG:root:SakuretsuArmor
DEBUG:root:GeminiElf
DEBUG:root:Reinforcements
DEBUG:root:DarkHole
DEBUG:root:BlueEyesWhiteDragon
DEBUG:root:RagingFlameSprite
DEBUG:root:MysticalSpaceTyphoon
DEBUG:root:RagingFlameSprite
DEBUG:root:GeminiElf
DEBUG:root:DarkHole
DEBUG:root:MysticalSpaceTyphoon
DEBUG:root:Reinforcements
DEBUG:root:SummonedSkull
DEBUG:root:SakuretsuArmor
DEBUG:root:GeminiElf
DEBUG:root:BlueEyesWhiteDragon
DEBUG:root:RagingFlameSprite
DEBUG:root:GeminiElf
DEBUG:root:SakuretsuArmor
DEBUG:root:RagingFlameSprite
DEBUG:root:Reinforcements
DEBUG:root:BlueEyesWhiteDragon
ERROR:root: Erro ao sair do programa
DEBUG:root:GeminiElf
DEBUG:root:SakuretsuArmor
DEBUG:root:BlueEyesWhiteDragon
DEBUG:root:BlueEyesWhiteDragon
DEBUG:root:SummonedSkull
ERROR:root: Erro ao sair do programa
DEBUG:root:GeminiElf
DEBUG:root:DarkHole
DEBUG:root:BlueEyesWhiteDragon
DEBUG:root:MysticalSpaceTyphoon
DEBUG:root:SakuretsuArmor
ERROR:root: Erro ao sair do programa
DEBUG:root:RagingFlameSprite
DEBUG:root:MysticalSpaceTyphoon
DEBUG:root:RagingFlameSprite
DEBUG:root:BlueEyesWhiteDragon
DEBUG:root:SummonedSkull
ERROR:root: Erro ao sair do programa
DEBUG:root:RagingFlameSprite
DEBUG:root:GeminiElf
DEBUG:root:Reinforcements
DEBUG:root:SakuretsuArmor
DEBUG:root:RagingFlameSprite
DEBUG:root:BlueEyesWhiteDragon
DEBUG:root:GeminiElf
DEBUG:root:RagingFlameSprite
DEBUG:root:SummonedSkull
DEBUG:root:Reinforcements
DEBUG:root:GeminiElf
DEBUG:root:SummonedSkull
DEBUG:root:SakuretsuArmor
DEBUG:root:GeminiElf
DEBUG:root:MysticalSpaceTyphoon
DEBUG:root:DarkHole
DEBUG:root:SakuretsuArmor
DEBUG:root:RagingFlameSprite
DEBUG:root:BlueEyesWhiteDragon
DEBUG:root:RagingFlameSprite
DEBUG:root:DarkHole
DEBUG:root:BlueEyesWhiteDragon
DEBUG:root:SakuretsuArmor
DEBUG:root:RagingFlameSprite
DEBUG:root:SummonedSkull
DEBUG:root:RagingFlameSprite
DEBUG:root:GeminiElf
DEBUG:root:SakuretsuArmor
DEBUG:root:SummonedSkull
DEBUG:root:MysticalSpaceTyphoon
ERROR:root: Erro ao sair do programa
DEBUG:root:SummonedSkull
DEBUG:root:GeminiElf
DEBUG:root:MysticalSpaceTyphoon
DEBUG:root:RagingFlameSprite
DEBUG:root:SakuretsuArmor
ERROR:root: Erro ao sair do programa
DEBUG:root:RagingFlameSprite
DEBUG:root:SakuretsuArmor
DEBUG:root:SakuretsuArmor
DEBUG:root:MysticalSpaceTyphoon
DEBUG:root:DarkHole
ERROR:root: Erro ao sair do programa
DEBUG:root:RagingFlameSprite
DEBUG:root:SummonedSkull
DEBUG:root:SakuretsuArmor
DEBUG:root:SakuretsuArmor
DEBUG:root:MysticalSpaceTyphoon
DEBUG:root:GeminiElf
DEBUG:root:GeminiElf
DEBUG:root:Reinforcements
DEBUG:root:MysticalSpaceTyphoon
DEBUG:root:DarkHole
DEBUG:root:GeminiElf
DEBUG:root:GeminiElf
DEBUG:root:SakuretsuArmor
DEBUG:root:MysticalSpaceTyphoon
DEBUG:root:Reinforcements
DEBUG:root:MysticalSpaceTyphoon
DEBUG:root:GeminiElf
DEBUG:root:BlueEyesWhiteDragon
DEBUG:root:DarkHole
DEBUG:root:GeminiElf
DEBUG:root:BlueEyesWhiteDragon
DEBUG:root:Reinforcements
DEBUG:root:BlueEyesWhiteDragon
DEBUG:root:DarkHole
DEBUG:root:GeminiElf
DEBUG:root:DarkHole
DEBUG:root:Reinforcements
DEBUG:root:BlueEyesWhiteDragon
DEBUG:root:MysticalSpaceTyphoon
DEBUG:root:BlueEyesWhiteDragon
DEBUG:root:GeminiElf
DEBUG:root:GeminiElf
DEBUG:root:MysticalSpaceTyphoon
DEBUG:root:Reinforcements
DEBUG:root:BlueEyesWhiteDragon
DEBUG:root:GeminiElf
DEBUG:root:GeminiElf
DEBUG:root:BlueEyesWhiteDragon
DEBUG:root:Reinforcements
DEBUG:root:DarkHole
DEBUG:root:DarkHole
DEBUG:root:BlueEyesWhiteDragon
DEBUG:root:GeminiElf
DEBUG:root:GeminiElf
DEBUG:root:BlueEyesWhiteDragon
DEBUG:root:GeminiElf
DEBUG:root:GeminiElf
DEBUG:root:MysticalSpaceTyphoon
DEBUG:root:BlueEyesWhiteDragon
DEBUG:root:BlueEyesWhiteDragon
DEBUG:root:DarkHole
DEBUG:root:MysticalSpaceTyphoon
DEBUG:root:Reinforcements
DEBUG:root:BlueEyesWhiteDragon
DEBUG:root:GeminiElf
DEBUG:root:Reinforcements
DEBUG:root:DarkHole
DEBUG:root:SakuretsuArmor
DEBUG:root:BlueEyesWhiteDragon
DEBUG:root:BlueEyesWhiteDragon
DEBUG:root:RagingFlameSprite
DEBUG:root:MysticalSpaceTyphoon
DEBUG:root:SakuretsuArmor
DEBUG:root:SummonedSkull
DEBUG:root:RagingFlameSprite
DEBUG:root:SakuretsuArmor
DEBUG:root:RagingFlameSprite
DEBUG:root:DarkHole
DEBUG:root:SummonedSkull
DEBUG:root:GeminiElf
DEBUG:root:GeminiElf
DEBUG:root:BlueEyesWhiteDragon
DEBUG:root:SakuretsuArmor
DEBUG:root:GeminiElf
DEBUG:root:SakuretsuArmor
DEBUG:root:GeminiElf
DEBUG:root:BlueEyesWhiteDragon
DEBUG:root:SakuretsuArmor
DEBUG:root:DarkHole
DEBUG:root:BlueEyesWhiteDragon
DEBUG:root:RagingFlameSprite
DEBUG:root:GeminiElf
DEBUG:root:MysticalSpaceTyphoon
DEBUG:root:SakuretsuArmor
DEBUG:root:SakuretsuArmor
DEBUG:root:SakuretsuArmor
DEBUG:root:GeminiElf
DEBUG:root:BlueEyesWhiteDragon
DEBUG:root:MysticalSpaceTyphoon
DEBUG:root:SakuretsuArmor
DEBUG:root:SakuretsuArmor
DEBUG:root:BlueEyesWhiteDragon
DEBUG:root:SummonedSkull
DEBUG:root:RagingFlameSprite
DEBUG:root:GeminiElf
DEBUG:root:RagingFlameSprite
DEBUG:root:MysticalSpaceTyphoon
DEBUG:root:GeminiElf
DEBUG:root:GeminiElf
DEBUG:root:SummonedSkull
DEBUG:root:SakuretsuArmor
DEBUG:root:RagingFlameSprite
DEBUG:root:MysticalSpaceTyphoon
DEBUG:root:BlueEyesWhiteDragon
DEBUG:root:DarkHole
DEBUG:root:SummonedSkull
DEBUG:root:BlueEyesWhiteDragon
DEBUG:root:BlueEyesWhiteDragon
DEBUG:root:DarkHole
DEBUG:root:SakuretsuArmor
DEBUG:root:SakuretsuArmor
DEBUG:root:BlueEyesWhiteDragon
DEBUG:root:SummonedSkull
DEBUG:root:GeminiElf
DEBUG:root:BlueEyesWhiteDragon
DEBUG:root:GeminiElf
DEBUG:root:BlueEyesWhiteDragon
DEBUG:root:Reinforcements
DEBUG:root:BlueEyesWhiteDragon
DEBUG:root:SummonedSkull
DEBUG:root:GeminiElf
DEBUG:root:RagingFlameSprite
DEBUG:root:SakuretsuArmor
DEBUG:root:MysticalSpaceTyphoon
DEBUG:root:BlueEyesWhiteDragon
DEBUG:root:DarkHole
DEBUG:root:SummonedSkull
DEBUG:root:GeminiElf
DEBUG:root:BlueEyesWhiteDragon
DEBUG:root:Reinforcements
DEBUG:root:DarkHole
DEBUG:root:RagingFlameSprite
DEBUG:root:GeminiElf
DEBUG:root:SakuretsuArmor
DEBUG:root:SakuretsuArmor
DEBUG:root:BlueEyesWhiteDragon
DEBUG:root:RagingFlameSprite
DEBUG:root:GeminiElf
DEBUG:root:RagingFlameSprite
DEBUG:root:DarkHole
DEBUG:root:Reinforcements
DEBUG:root:GeminiElf
DEBUG:root:BlueEyesWhiteDragon
DEBUG:root:BlueEyesWhiteDragon
DEBUG:root:SummonedSkull
DEBUG:root:SummonedSkull
DEBUG:root:BlueEyesWhiteDragon
DEBUG:root:SakuretsuArmor
DEBUG:root:RagingFlameSprite
DEBUG:root:DarkHole
DEBUG:root:SakuretsuArmor
DEBUG:root:GeminiElf
DEBUG:root:BlueEyesWhiteDragon
DEBUG:root:BlueEyesWhiteDragon
DEBUG:root:RagingFlameSprite
DEBUG:root:RagingFlameSprite
DEBUG:root:Reinforcements
DEBUG:root:RagingFlameSprite
DEBUG:root:SummonedSkull
DEBUG:root:GeminiElf
DEBUG:root:SakuretsuArmor
DEBUG:root:SakuretsuArmor
DEBUG:root:RagingFlameSprite
DEBUG:root:BlueEyesWhiteDragon
DEBUG:root:DarkHole
DEBUG:root:BlueEyesWhiteDragon
DEBUG:root:BlueEyesWhiteDragon
DEBUG:root:SakuretsuArmor
DEBUG:root:Reinforcements
DEBUG:root:MysticalSpaceTyphoon
DEBUG:root:RagingFlameSprite
DEBUG:root:BlueEyesWhiteDragon
DEBUG:root:SummonedSkull
DEBUG:root:SakuretsuArmor
DEBUG:root:GeminiElf
